<?xml version="1.0" encoding="UTF-8"?>
<!-- Generated by org.testng.reporters.JUnitXMLReporter -->
<testsuite hostname="ADB-PG01H602" ignored="0" name="Baking App test" tests="1" failures="1" timestamp="2020-05-15T11:14:37 IST" time="10.768" errors="0">
  <testcase name="loginDDT" time="0.0" classname="com.inetBanking.testCases.TC_LoginDDT_002">
    <failure type="org.testng.TestNGException" message="
Method public void com.inetBanking.testCases.TC_LoginDDT_002.loginDDT(java.lang.String,java.lang.String) throws java.lang.InterruptedException requires a @DataProvider named : LoginData">
      <![CDATA[org.testng.TestNGException: 
Method public void com.inetBanking.testCases.TC_LoginDDT_002.loginDDT(java.lang.String,java.lang.String) throws java.lang.InterruptedException requires a @DataProvider named : LoginData
at java.util.ArrayList.forEach(Unknown Source)
... Removed 24 stack frames]]>
    </failure>
  </testcase> <!-- loginDDT -->
</testsuite> <!-- Baking App test -->
