<?xml version="1.0" encoding="UTF-8"?>
<testng-results skipped="0" failed="0" ignored="0" total="1" passed="1">
  <reporter-output>
  </reporter-output>
  <suite name="InetBanking" duration-ms="42204" started-at="2020-05-17T18:18:46 IST" finished-at="2020-05-17T18:19:29 IST">
    <groups>
    </groups>
    <test name="Baking App test" duration-ms="42204" started-at="2020-05-17T18:18:46 IST" finished-at="2020-05-17T18:19:29 IST">
      <class name="com.inetBanking.testCases.TC_Login_001">
        <test-method status="PASS" signature="setup(java.lang.String)[pri:0, instance:com.inetBanking.testCases.TC_Login_001@68c4039c]" name="setup" is-config="true" duration-ms="14351" started-at="2020-05-17T18:18:46 IST" finished-at="2020-05-17T18:19:01 IST">
          <params>
            <param index="0">
              <value>
                <![CDATA[chrome]]>
              </value>
            </param>
          </params>
          <reporter-output>
          </reporter-output>
        </test-method> <!-- setup -->
        <test-method status="PASS" signature="LoginTest()[pri:0, instance:com.inetBanking.testCases.TC_Login_001@68c4039c]" name="LoginTest" duration-ms="27114" started-at="2020-05-17T18:19:01 IST" finished-at="2020-05-17T18:19:28 IST">
          <reporter-output>
          </reporter-output>
        </test-method> <!-- LoginTest -->
        <test-method status="PASS" signature="tearDown()[pri:0, instance:com.inetBanking.testCases.TC_Login_001@68c4039c]" name="tearDown" is-config="true" duration-ms="579" started-at="2020-05-17T18:19:28 IST" finished-at="2020-05-17T18:19:29 IST">
          <reporter-output>
          </reporter-output>
        </test-method> <!-- tearDown -->
      </class> <!-- com.inetBanking.testCases.TC_Login_001 -->
    </test> <!-- Baking App test -->
  </suite> <!-- InetBanking -->
</testng-results>
